<?xml version="1.0" encoding="UTF-8"?>
<testsuite xmlns:xsi="http://www.w3.org/2001/XMLSchema-instance" xsi:noNamespaceSchemaLocation="https://maven.apache.org/surefire/maven-surefire-plugin/xsd/surefire-test-report-3.0.xsd" version="3.0" name="vttp2023.batch4.paf.day25emart.Day25EmartApplicationTests" time="5.651" tests="1" errors="0" skipped="0" failures="0">
  <properties>
[...]
</properties>
  <testcase name="contextLoads" classname="vttp2023.batch4.paf.day25emart.Day25EmartApplicationTests" time="0.792">
    <system-out><![CDATA[16:49:59.066 [main] INFO org.springframework.test.context.support.AnnotationConfigContextLoaderUtils -- Could not detect default configuration classes for test class [vttp2023.batch4.paf.day25emart.Day25EmartApplicationTests]: Day25EmartApplicationTests does not declare any static, non-private, non-final, nested classes annotated with @Configuration.
16:49:59.297 [main] INFO org.springframework.boot.test.context.SpringBootTestContextBootstrapper -- Found @SpringBootConfiguration vttp2023.batch4.paf.day25emart.Day25WorkshopApplication for test class vttp2023.batch4.paf.day25emart.Day25EmartApplicationTests
16:49:59.527 [main] INFO org.springframework.boot.devtools.restart.RestartApplicationListener -- Restart disabled due to context in which it is running

  .   ____          _            __ _ _
 /\\ / ___'_ __ _ _(_)_ __  __ _ \ \ \ \
( ( )\___ | '_ | '_| | '_ \/ _` | \ \ \ \
 \\/  ___)| |_)| | | | | || (_| |  ) ) ) )
  '  |____| .__|_| |_|_| |_\__, | / / / /
 =========|_|==============|___/=/_/_/_/
 :: Spring Boot ::                (v3.2.1)

2024-01-25T16:49:59.788+08:00  WARN 44776 --- [           main] ory$DuplicateJsonObjectContextCustomizer : 

Found multiple occurrences of org.json.JSONObject on the class path:

	jar:file:/Users/michlim/.m2/repository/com/vaadin/external/google/android-json/0.0.20131108.vaadin1/android-json-0.0.20131108.vaadin1.jar!/org/json/JSONObject.class
	jar:file:/Users/michlim/.m2/repository/org/json/json/20231013/json-20231013.jar!/org/json/JSONObject.class

You may wish to exclude one of them to ensure predictable runtime behavior

2024-01-25T16:49:59.811+08:00  INFO 44776 --- [           main] v.b.p.d.Day25EmartApplicationTests       : Starting Day25EmartApplicationTests using Java 21.0.1 with PID 44776 (started by michlim in /Users/michlim/Documents/nus-iss-software-dev/paf/day25-workshop/day25-server)
2024-01-25T16:49:59.813+08:00  INFO 44776 --- [           main] v.b.p.d.Day25EmartApplicationTests       : No active profile set, falling back to 1 default profile: "default"
2024-01-25T16:50:01.450+08:00  INFO 44776 --- [           main] .s.d.r.c.RepositoryConfigurationDelegate : Multiple Spring Data modules found, entering strict repository configuration mode
2024-01-25T16:50:01.452+08:00  INFO 44776 --- [           main] .s.d.r.c.RepositoryConfigurationDelegate : Bootstrapping Spring Data Redis repositories in DEFAULT mode.
2024-01-25T16:50:01.489+08:00  INFO 44776 --- [           main] .s.d.r.c.RepositoryConfigurationDelegate : Finished Spring Data repository scanning in 18 ms. Found 0 Redis repository interfaces.
2024-01-25T16:50:02.346+08:00  INFO 44776 --- [           main] v.b.paf.day25emart.configs.RedisConfig   : Redis database: 6379
2024-01-25T16:50:02.698+08:00  INFO 44776 --- [           main] o.s.b.a.w.s.WelcomePageHandlerMapping    : Adding welcome page template: index
2024-01-25T16:50:03.596+08:00  INFO 44776 --- [           main] v.b.p.d.Day25EmartApplicationTests       : Started Day25EmartApplicationTests in 4.085 seconds (process running for 5.613)
]]></system-out>
    <system-err><![CDATA[WARNING: A Java agent has been loaded dynamically (/Users/michlim/.m2/repository/net/bytebuddy/byte-buddy-agent/1.14.10/byte-buddy-agent-1.14.10.jar)
WARNING: If a serviceability tool is in use, please run with -XX:+EnableDynamicAgentLoading to hide this warning
WARNING: If a serviceability tool is not in use, please run with -Djdk.instrument.traceUsage for more information
WARNING: Dynamic loading of agents will be disallowed by default in a future release
]]></system-err>
  </testcase>
</testsuite>