<?xml version="1.0" encoding="UTF-8"?>
<testsuite xmlns:xsi="http://www.w3.org/2001/XMLSchema-instance" xsi:noNamespaceSchemaLocation="https://maven.apache.org/surefire/maven-surefire-plugin/xsd/surefire-test-report-3.0.xsd" version="3.0" name="sg.edu.nus.iss.d24workshop.D24WorkshopApplicationTests" time="2.17" tests="1" errors="0" skipped="0" failures="0">
  <properties>
[...]
</properties>
  <testcase name="contextLoads" classname="sg.edu.nus.iss.d24workshop.D24WorkshopApplicationTests" time="0.606">
    <system-out><![CDATA[00:08:16.915 [main] INFO org.springframework.test.context.support.AnnotationConfigContextLoaderUtils -- Could not detect default configuration classes for test class [sg.edu.nus.iss.d24workshop.D24WorkshopApplicationTests]: D24WorkshopApplicationTests does not declare any static, non-private, non-final, nested classes annotated with @Configuration.
00:08:16.997 [main] INFO org.springframework.boot.test.context.SpringBootTestContextBootstrapper -- Found @SpringBootConfiguration sg.edu.nus.iss.d24workshop.D24WorkshopApplication for test class sg.edu.nus.iss.d24workshop.D24WorkshopApplicationTests
00:08:17.100 [main] INFO org.springframework.boot.devtools.restart.RestartApplicationListener -- Restart disabled due to context in which it is running

  .   ____          _            __ _ _
 /\\ / ___'_ __ _ _(_)_ __  __ _ \ \ \ \
( ( )\___ | '_ | '_| | '_ \/ _` | \ \ \ \
 \\/  ___)| |_)| | | | | || (_| |  ) ) ) )
  '  |____| .__|_| |_|_| |_\__, | / / / /
 =========|_|==============|___/=/_/_/_/
 :: Spring Boot ::                (v3.2.2)

2024-01-25T00:08:17.252+08:00  INFO 21573 --- [           main] s.e.n.i.d.D24WorkshopApplicationTests    : Starting D24WorkshopApplicationTests using Java 21.0.1 with PID 21573 (started by michlim in /Users/michlim/Documents/nus-iss-software-dev/paf/day24)
2024-01-25T00:08:17.253+08:00  INFO 21573 --- [           main] s.e.n.i.d.D24WorkshopApplicationTests    : No active profile set, falling back to 1 default profile: "default"
2024-01-25T00:08:18.087+08:00  INFO 21573 --- [           main] o.s.b.a.w.s.WelcomePageHandlerMapping    : Adding welcome page template: index
2024-01-25T00:08:18.302+08:00  INFO 21573 --- [           main] s.e.n.i.d.D24WorkshopApplicationTests    : Started D24WorkshopApplicationTests in 1.211 seconds (process running for 2.055)
]]></system-out>
    <system-err><![CDATA[WARNING: A Java agent has been loaded dynamically (/Users/michlim/.m2/repository/net/bytebuddy/byte-buddy-agent/1.14.11/byte-buddy-agent-1.14.11.jar)
WARNING: If a serviceability tool is in use, please run with -XX:+EnableDynamicAgentLoading to hide this warning
WARNING: If a serviceability tool is not in use, please run with -Djdk.instrument.traceUsage for more information
WARNING: Dynamic loading of agents will be disallowed by default in a future release
]]></system-err>
  </testcase>
</testsuite>